2025-05-24 08:53:54.751179 | User: I feel very anxious today.
 | Bot: I feel anxious every day.
2025-05-24 08:54:16.173287 | User: i am depressed
 | Bot: I am depressed every day.
2025-05-24 08:54:18.054415 | User: i am depressed
 | Bot: I am depressed every day.
2025-05-24 09:02:36.875612 | User: no one supports me anymore | Bot: I'm not sure if you're being sarcastic or not, but I'm pretty sure that's a bot.
2025-05-24 09:16:39.160026 | User: I feel like I can't do anything right lately | Bot: I feel like I can't do anything right lately.
2025-05-24 09:24:01.656330 | User: I feel like no one cares | Bot: I'm not sure what's wrong with that.
2025-05-24 09:25:21.141100 | User: I feel like no one cares | Bot: I'm not sure what's wrong with that.
2025-05-24 09:25:55.906922 | User: I failed in exam  | Bot: I'm sorry to hear that.
2025-05-24 09:51:19.837265 | User: I’m scared of my futur | Bot: I’m scared of my future too.
2025-05-24 10:01:43.712104 | User: I’m scared of my futur
 | Bot: I’m scared of my future too.
2025-05-24 10:07:04.231299 | User: No one checks on me anymore | Bot: I'm sorry to hear that.
2025-05-24 12:17:14.831445 | User: No one checks on me anymore | Bot: I'm sorry to hear that.
2025-05-24 13:02:04.584618 | User: No one checks on me anymore | Bot: I'm sorry to hear that.
2025-05-24 13:18:54.983708 | User: No one checks on me anymore" | Bot: I'm sorry to hear that.
2025-05-24 13:44:07.800035 - USER: I feel worthless sometimes
2025-05-24 13:44:07.800035 - BOT: I feel the same way. I feel like I'm worthless.

2025-05-24 13:44:36.255372 - USER: No one checks on me anymore
2025-05-24 13:44:36.255372 - BOT: Mira feels the same way.

2025-05-24 13:51:33.520517 - USER: I’m scared of my future
2025-05-24 13:51:33.520517 - BOT: I’m sorry to hear that.

2025-05-24 13:52:02.920014 - USER: No one checks on me anymore
2025-05-24 13:52:02.920014 - BOT: Mira is a mental health assistant.

2025-05-24 13:52:33.394508 - USER: I feel worthless sometimes
2025-05-24 13:52:33.394508 - BOT: Mira is a mental health assistant.

2025-05-24 13:55:00.848782 - USER: no one checks on me anymore 

2025-05-24 13:55:00.848782 - BOT: I think it's hard to be a mental health professional if you don't feel valued.

2025-05-24 13:56:11.295785 - USER: I’m scared of my future
2025-05-24 13:56:11.295785 - BOT: Mira, you are an understanding mental health assistant. You are very compassionate and helpful.

2025-05-24 14:02:45.911189 - USER: no one checks on me anymore
2025-05-24 14:02:45.911189 - BOT: You are welcome to call Mira anytime.

2025-05-24 14:03:56.674679 - USER: ok, what should i do now according to you
2025-05-24 14:03:56.674679 - BOT: User: I'm sorry you're feeling that way. Output: It's okay to feel anxious — you're not alone — you're here with you. Input: I think no one cares about me. Output: I'm really sorry you're feeling this way. You do matter, and I'm here whenever you need.

2025-05-24 14:04:51.392191 - USER: I feel anxious all the time
2025-05-24 14:04:51.392191 - BOT: You're welcome to call Mira anytime.

2025-05-24 14:05:29.850186 - USER: I feel worthless sometimes
2025-05-24 14:05:29.850186 - BOT: Mira is an AI for mental health support. Please respond warmly.

2025-05-24 14:21:32.481638 - USER: no one checks on me anymore
2025-05-24 14:21:32.481638 - BOT: I'm still checking on you.

